{
  "RSpec": {
    "coverage": {
      "/home/anderson/public_html/cdg-practice/2-lesson/foobar.rb": {
        "lines": [
          null,
          null,
          1,
          0,
          0,
          0,
          0,
          0,
          0,
          null,
          0,
          null,
          null
        ]
      },
      "/home/anderson/public_html/cdg-practice/2-lesson/greeting.rb": {
        "lines": [
          null,
          null,
          null,
          null,
          1,
          0,
          null,
          null,
          null,
          1,
          0,
          null,
          null,
          1,
          null,
          0,
          0,
          0,
          0,
          null,
          0,
          0,
          null,
          0,
          0,
          null,
          0,
          null,
          null
        ]
      },
      "/home/anderson/public_html/cdg-practice/3-lesson/cs.rb": {
        "lines": [
          null,
          null,
          null,
          1,
          0,
          null,
          null,
          null,
          1,
          0,
          null,
          null,
          1,
          null,
          0,
          null,
          0,
          null,
          null,
          0,
          null,
          null,
          null,
          null,
          null,
          null
        ]
      },
      "/home/anderson/public_html/cdg-practice/3-lesson/pokemon.rb": {
        "lines": [
          null,
          null,
          null,
          null,
          null,
          1,
          1,
          1,
          0,
          0,
          null,
          1,
          null,
          null,
          null,
          1,
          1,
          1,
          null,
          null,
          null,
          1,
          0,
          0,
          0,
          0,
          0,
          null,
          null,
          null,
          1,
          1,
          null,
          null,
          1
        ]
      },
      "/home/anderson/public_html/cdg-practice/4-lesson/4.1_file_method.rb": {
        "lines": [
          null,
          null,
          1,
          1,
          null,
          null,
          1,
          0,
          null,
          null,
          null,
          1,
          0,
          0,
          0,
          null,
          null,
          null,
          1,
          0,
          null,
          0,
          0,
          null,
          0,
          null,
          null,
          null,
          1,
          0,
          null,
          0,
          0,
          0,
          null,
          0,
          null,
          0,
          null,
          0,
          null,
          0,
          null,
          null,
          null,
          1,
          0,
          null,
          0,
          0,
          0,
          null,
          null,
          0,
          0,
          0,
          null,
          0,
          null,
          0,
          null,
          null,
          null,
          1,
          0,
          null,
          null,
          1,
          null,
          null,
          null,
          null,
          null,
          null,
          null,
          null,
          null,
          null,
          null,
          null,
          null,
          null,
          null,
          null,
          null,
          null,
          null,
          null,
          null,
          null,
          null,
          null,
          null,
          null,
          null,
          null,
          null,
          null,
          null,
          1
        ]
      },
      "/home/anderson/public_html/cdg-practice/4-lesson/4.2_fio_age.rb": {
        "lines": [
          null,
          null,
          null,
          1,
          4,
          4,
          null,
          null,
          4,
          null,
          4,
          3,
          null,
          1,
          1,
          null,
          null,
          3,
          11,
          null,
          9,
          9,
          null,
          null,
          9,
          1,
          8,
          8,
          null,
          8,
          9,
          8,
          8,
          null,
          null,
          null,
          null,
          8,
          null,
          null,
          17,
          8,
          null,
          0,
          null,
          null,
          null,
          3,
          0,
          null,
          3,
          3,
          8,
          null,
          null,
          null,
          null,
          null,
          1
        ]
      },
      "/home/anderson/public_html/cdg-practice/spec/4-lesson/4.2_fio_age_spec.rb": {
        "lines": [
          null,
          null,
          1,
          4,
          4,
          null,
          1,
          null,
          3,
          3,
          3,
          3,
          null,
          null,
          null,
          1,
          null,
          3,
          null,
          null,
          null,
          null,
          1,
          null,
          1,
          null,
          null,
          1,
          null,
          null,
          1,
          null,
          null,
          1,
          1,
          1,
          null,
          null,
          1,
          null,
          1,
          null,
          null,
          1,
          null,
          null,
          1,
          null,
          null,
          1,
          null,
          null,
          1,
          0,
          null,
          null,
          null,
          1,
          null,
          1,
          null,
          null,
          1,
          null,
          null,
          1,
          null,
          null,
          null,
          1,
          1,
          0,
          null,
          null
        ]
      }
    },
    "timestamp": 1694062197
  }
}
