{
  "RSpec": {
    "coverage": {
      "/home/anderson/public_html/cdg-practice/2-lesson/foobar.rb": {
        "lines": [
          null,
          null,
          1,
          3,
          3,
          3,
          3,
          3,
          2,
          null,
          1,
          null,
          null
        ]
      },
      "/home/anderson/public_html/cdg-practice/2-lesson/greeting.rb": {
        "lines": [
          null,
          null,
          null,
          null,
          1,
          7,
          null,
          null,
          null,
          1,
          4,
          null,
          null,
          1,
          null,
          2,
          2,
          2,
          2,
          null,
          2,
          2,
          null,
          2,
          1,
          null,
          1,
          null,
          null
        ]
      },
      "/home/anderson/public_html/cdg-practice/3-lesson/cs.rb": {
        "lines": [
          null,
          null,
          null,
          1,
          6,
          null,
          null,
          null,
          1,
          6,
          null,
          null,
          1,
          null,
          7,
          null,
          4,
          null,
          null,
          3,
          null,
          null,
          null,
          null,
          null,
          null
        ]
      },
      "/home/anderson/public_html/cdg-practice/3-lesson/pokemon.rb": {
        "lines": [
          null,
          null,
          null,
          null,
          null,
          1,
          2,
          2,
          2,
          2,
          null,
          2,
          null,
          null,
          null,
          1,
          3,
          3,
          null,
          null,
          null,
          1,
          3,
          3,
          3,
          3,
          3,
          null,
          null,
          null,
          1,
          3,
          null,
          null,
          1
        ]
      },
      "/home/anderson/public_html/cdg-practice/4-lesson/4.1_file_method.rb": {
        "lines": [
          null,
          null,
          1,
          1,
          null,
          null,
          1,
          1,
          null,
          null,
          null,
          1,
          3,
          3,
          3,
          null,
          null,
          null,
          1,
          3,
          null,
          3,
          9,
          null,
          3,
          null,
          null,
          null,
          1,
          1,
          null,
          1,
          1,
          3,
          null,
          1,
          null,
          1,
          null,
          1,
          null,
          1,
          null,
          null,
          null,
          1,
          1,
          null,
          1,
          1,
          3,
          null,
          null,
          1,
          1,
          1,
          null,
          1,
          null,
          1,
          null,
          null,
          null,
          1,
          1,
          null,
          null,
          1,
          null,
          null,
          null,
          null,
          null,
          null,
          null,
          null,
          null,
          null,
          null,
          null,
          null,
          null,
          null,
          null,
          null,
          null,
          null,
          null,
          null,
          null,
          null,
          null,
          null,
          null,
          null,
          null,
          null,
          null,
          null,
          1
        ]
      },
      "/home/anderson/public_html/cdg-practice/4-lesson/4.2_fio_age.rb": {
        "lines": [
          null,
          null,
          null,
          1,
          4,
          4,
          null,
          null,
          4,
          null,
          4,
          3,
          null,
          1,
          1,
          null,
          null,
          3,
          12,
          null,
          11,
          11,
          null,
          null,
          11,
          2,
          9,
          9,
          null,
          9,
          10,
          9,
          9,
          null,
          null,
          null,
          null,
          9,
          null,
          null,
          19,
          9,
          null,
          0,
          null,
          null,
          null,
          3,
          0,
          null,
          3,
          3,
          9,
          null,
          null,
          null,
          null,
          null,
          1
        ]
      },
      "/home/anderson/public_html/cdg-practice/spec/2-lesson/2.1_foobar_spec.rb": {
        "lines": [
          null,
          1,
          1,
          1,
          2,
          null,
          null,
          1,
          1,
          2,
          null,
          null,
          1,
          1,
          2,
          null,
          null
        ]
      },
      "/home/anderson/public_html/cdg-practice/spec/2-lesson/2.2_greeting_spec.rb": {
        "lines": [
          1,
          1,
          1,
          1,
          1,
          null,
          null,
          1,
          1,
          1,
          null,
          null,
          null,
          1,
          1,
          2,
          null,
          null,
          1,
          1,
          2,
          null,
          null,
          null,
          null,
          1,
          1,
          1,
          null,
          1,
          2,
          null,
          null,
          null,
          null
        ]
      },
      "/home/anderson/public_html/cdg-practice/spec/3-lesson/3.1_cs_spec.rb": {
        "lines": [
          1,
          1,
          1,
          1,
          1,
          null,
          null,
          null,
          1,
          1,
          1,
          1,
          null,
          null,
          null,
          1,
          1,
          2,
          2,
          2,
          2,
          null,
          null,
          1,
          2,
          2,
          2,
          null,
          null
        ]
      },
      "/home/anderson/public_html/cdg-practice/spec/3-lesson/3.2_pokemon_spec.rb": {
        "lines": [
          null,
          null,
          1,
          1,
          3,
          3,
          null,
          null,
          1,
          1,
          1,
          2,
          null,
          null,
          null,
          1,
          1,
          1,
          null,
          1,
          1,
          null,
          1,
          1,
          null,
          null,
          null,
          1,
          1,
          1,
          null,
          null,
          null
        ]
      },
      "/home/anderson/public_html/cdg-practice/spec/4-lesson/4.1_file_method_spec.rb": {
        "lines": [
          null,
          null,
          1,
          12,
          12,
          null,
          1,
          null,
          11,
          null,
          null,
          1,
          null,
          11,
          11,
          null,
          null,
          1,
          1,
          1,
          null,
          null,
          null,
          1,
          1,
          1,
          null,
          null,
          1,
          1,
          null,
          1,
          1,
          null,
          null,
          null,
          1,
          1,
          1,
          null,
          null,
          1,
          1,
          null,
          null,
          1,
          1,
          null,
          null,
          1,
          2,
          null,
          null,
          null,
          1,
          1,
          1,
          1,
          null,
          null,
          null,
          1,
          1,
          1,
          1,
          null,
          null,
          null,
          1,
          1,
          1,
          1,
          null,
          null,
          null
        ]
      },
      "/home/anderson/public_html/cdg-practice/spec/4-lesson/4.2_fio_age_spec.rb": {
        "lines": [
          null,
          null,
          1,
          1,
          1,
          null,
          1,
          null,
          3,
          3,
          3,
          3,
          3,
          null,
          null,
          null,
          3,
          null,
          null,
          null,
          null,
          1,
          null,
          1,
          null,
          null,
          1,
          null,
          null,
          1,
          null,
          null,
          1,
          1,
          1,
          1,
          null,
          null,
          1,
          null,
          1,
          null,
          null,
          1,
          null,
          null,
          1,
          null,
          null,
          1,
          null,
          null,
          1,
          0,
          null,
          null,
          null,
          1,
          null,
          1,
          null,
          null,
          1,
          null,
          null,
          1,
          null,
          null,
          null,
          1,
          1,
          1,
          null,
          null
        ]
      }
    },
    "timestamp": 1695300924
  }
}
